[STEP] [2023-11-30 21:09:29] Procurando o arquivo executável PHP CLI.
[WARN] [2023-11-30 21:09:29] PHP CLI está desabilitado no seu arquivo php.ini, o processo pode se tornar instável.
[WARN] [2023-11-30 21:09:29] O arquivo PHP CLI não pode ser executado devido a um motivo desconhecido.
[STEP] [2023-11-30 21:09:29] Iniciando backup...
[INFO] [2023-11-30 21:09:29] Versão do Backup & Migration:1.3.7
[INFO] [2023-11-30 21:09:29] Site do qual será feito backup:https://store.rghost.com.br
[INFO] [2023-11-30 21:09:29] Versão do PHP:8.2.12
[INFO] [2023-11-30 21:09:29] Versão do WP: 6.4.1
[INFO] [2023-11-30 21:09:29] Versão do MySQL:10.6.3
[INFO] [2023-11-30 21:09:29] Comprimento Máximo do MySQL:134217728
[INFO] [2023-11-30 21:09:29] Servidor web:Apache/2.4.58 (Debian)
[INFO] [2023-11-30 21:09:29] Tempo máximo de execução (em segundos):300
[INFO] [2023-11-30 21:09:29] Memory limit (server): 256M
[INFO] [2023-11-30 21:09:29] Memory limit (wp-config): 40M
[INFO] [2023-11-30 21:09:29] Memory limit (wp-config admin): 256M
[INFO] [2023-11-30 21:09:29] Máximo de linhas por consulta (nesse site):2000
[INFO] [2023-11-30 21:09:29] Verificando se o diretório de backup possui permissão para gravação...
[INFO] [2023-11-30 21:09:29] Iniciando o gerenciador de erros personalizado
[SUCCESS] [2023-11-30 21:09:29] Sim, possui permissão para gravação...
[STEP] [2023-11-30 21:09:29] Verificando arquivos...
[WARN] [2023-11-30 21:09:29] Removendo arquivo do backup (devido às regras de caminho):/home/1147881.cloudwaysapps.com/npjdamuyph/public_html/wp-content/backup-migration-config.php
[INFO] [2023-11-30 21:09:29] Total size of excluded files: 2118 bytes
[VERBOSE] [2023-11-30 21:09:29] Total size of excluded files (bytes): 2118
[STEP] [2023-11-30 21:09:29] Verificando espaço livre, reservando...
[INFO] [2023-11-30 21:09:29] Requer ao menos 133992716 bytes. [127.79 MB]
[INFO] [2023-11-30 21:09:29] A função de espaço livre em disco não está desativada, utilizando...
[INFO] [2023-11-30 21:09:29] Verificando esse caminho/partição:/home/1147881.cloudwaysapps.com/npjdamuyph/public_html/wp-content/backup-migration-cXBQP2RJb1/backups
[SUCCESS] [2023-11-30 21:09:29] Há9,689.01 MB livres. [9.46 GB]
[SUCCESS] [2023-11-30 21:09:29] Excelente! Temos espaço suficiente.
[SUCCESS] [2023-11-30 21:09:29] Confirmado, há espaço mais do que suficiente, verificado:133992716 bytes
[INFO] [2023-11-30 21:09:29] Varredura concluída - encontrados8179 arquivos...
[SUCCESS] [2023-11-30 21:09:29] Backup iniciado...
[STEP] [2023-11-30 21:09:29] Iniciando sistema de arquivamento...
[SUCCESS] [2023-11-30 21:09:29] Sistema de arquivamento iniciado...
[STEP] [2023-11-30 21:09:29] Preparando mapeamento de arquivos...
[SUCCESS] [2023-11-30 21:09:29] Arquivos preparados.
[INFO] [2023-11-30 21:09:29] Iniciando processo de compactação...
[STEP] [2023-11-30 21:09:29] Cálculo de memória inteligente...
[INFO] [2023-11-30 21:09:29] Há 384 MB de memória para usar
[INFO] [2023-11-30 21:09:29] Limite de memória do WordPress: 256 MBs
[SUCCESS] [2023-11-30 21:09:29] Estabelecendo o limite seguro para 86 MB
[INFO] [2023-11-30 21:09:29] Usando o módulo PclZip para criar o backup
[INFO] [2023-11-30 21:09:29] Configuração antiga: usando módulos padrão dependendo do servidor do usuário
[STEP] [2023-11-30 21:09:29] Making database backup (using v3 engine, requires at least v1.2.2 to restore)
[INFO] [2023-11-30 21:09:29] Iterando banco de dados...
[INFO] [2023-11-30 21:09:29] Memory usage after initialization: 23.52 MB
[VERBOSE] [2023-11-30 21:09:29] Exporting database via zip.php
[INFO] [2023-11-30 21:09:29] Scan found 49 tables (6453 rows), estimated total size: 6.05 MB.
[INFO] [2023-11-30 21:09:29] Memory usage after getting table names: 23.54 MB 
[INFO] [2023-11-30 21:09:29] Getting table recipes...
[INFO] [2023-11-30 21:09:29] Table recipes have been exported.
[INFO] [2023-11-30 21:09:29] Memory usage after loading recipes: 23.58 MB 
[INFO] [2023-11-30 21:09:29] Saving recipes...
[INFO] [2023-11-30 21:09:29] Recipes saved.
[INFO] [2023-11-30 21:09:29] Memory usage after recipe off-load: 23.55 MB
[INFO] [2023-11-30 21:09:29] Exporting table data...
[STEP] [2023-11-30 21:09:29] Getting data of table: wp_actionscheduler_actions (1/49, 0.13 MB)
[SUCCESS] [2023-11-30 21:09:29] Table export for: wp_actionscheduler_actions finished (0.00060s)
[STEP] [2023-11-30 21:09:29] Getting data of table: wp_actionscheduler_claims (2/49, 0.03 MB)
[INFO] [2023-11-30 21:09:29] Table wp_actionscheduler_claims is empty, saving only recipe.
[STEP] [2023-11-30 21:09:29] Getting data of table: wp_actionscheduler_groups (3/49, 0.03 MB)
[SUCCESS] [2023-11-30 21:09:29] Table export for: wp_actionscheduler_groups finished (0.00018s)
[STEP] [2023-11-30 21:09:29] Getting data of table: wp_actionscheduler_logs (4/49, 0.05 MB)
[SUCCESS] [2023-11-30 21:09:29] Table export for: wp_actionscheduler_logs finished (0.00048s)
[STEP] [2023-11-30 21:09:29] Getting data of table: wp_bv_fw_requests (5/49, 0.02 MB)
[SUCCESS] [2023-11-30 21:09:29] Table export for: wp_bv_fw_requests finished (0.00025s)
[STEP] [2023-11-30 21:09:29] Getting data of table: wp_bv_ip_store (6/49, 0.50 MB)
[SUCCESS] [2023-11-30 21:09:29] Table export for: wp_bv_ip_store finished (0.05902s)
[STEP] [2023-11-30 21:09:29] Getting data of table: wp_bv_lp_requests (7/49, 0.02 MB)
[SUCCESS] [2023-11-30 21:09:29] Table export for: wp_bv_lp_requests finished (0.00031s)
[STEP] [2023-11-30 21:09:29] Getting data of table: wp_commentmeta (8/49, 0.05 MB)
[INFO] [2023-11-30 21:09:29] Table wp_commentmeta is empty, saving only recipe.
[STEP] [2023-11-30 21:09:29] Getting data of table: wp_comments (9/49, 0.11 MB)
[SUCCESS] [2023-11-30 21:09:29] Table export for: wp_comments finished (0.00076s)
[STEP] [2023-11-30 21:09:29] Getting data of table: wp_links (10/49, 0.03 MB)
[INFO] [2023-11-30 21:09:29] Table wp_links is empty, saving only recipe.
[STEP] [2023-11-30 21:09:29] Getting data of table: wp_options (11/49, 3.23 MB)
[SUCCESS] [2023-11-30 21:09:29] Table export for: wp_options finished (0.04458s)
[STEP] [2023-11-30 21:09:29] Getting data of table: wp_postmeta (12/49, 0.09 MB)
[SUCCESS] [2023-11-30 21:09:29] Table export for: wp_postmeta finished (0.00178s)
[STEP] [2023-11-30 21:09:29] Getting data of table: wp_posts (13/49, 0.11 MB)
[SUCCESS] [2023-11-30 21:09:29] Table export for: wp_posts finished (0.00168s)
[STEP] [2023-11-30 21:09:29] Getting data of table: wp_term_relationships (14/49, 0.03 MB)
[SUCCESS] [2023-11-30 21:09:29] Table export for: wp_term_relationships finished (0.00040s)
[STEP] [2023-11-30 21:09:29] Getting data of table: wp_term_taxonomy (15/49, 0.05 MB)
[SUCCESS] [2023-11-30 21:09:29] Table export for: wp_term_taxonomy finished (0.00069s)
[STEP] [2023-11-30 21:09:29] Getting data of table: wp_termmeta (16/49, 0.05 MB)
[SUCCESS] [2023-11-30 21:09:29] Table export for: wp_termmeta finished (0.00033s)
[STEP] [2023-11-30 21:09:29] Getting data of table: wp_terms (17/49, 0.05 MB)
[SUCCESS] [2023-11-30 21:09:29] Table export for: wp_terms finished (0.00045s)
[STEP] [2023-11-30 21:09:29] Getting data of table: wp_usermeta (18/49, 0.05 MB)
[SUCCESS] [2023-11-30 21:09:29] Table export for: wp_usermeta finished (0.00053s)
[STEP] [2023-11-30 21:09:29] Getting data of table: wp_users (19/49, 0.06 MB)
[SUCCESS] [2023-11-30 21:09:29] Table export for: wp_users finished (0.00021s)
[STEP] [2023-11-30 21:09:29] Getting data of table: wp_wc_admin_note_actions (20/49, 0.06 MB)
[SUCCESS] [2023-11-30 21:09:29] Table export for: wp_wc_admin_note_actions finished (0.00173s)
[STEP] [2023-11-30 21:09:29] Getting data of table: wp_wc_admin_notes (21/49, 0.06 MB)
[SUCCESS] [2023-11-30 21:09:29] Table export for: wp_wc_admin_notes finished (0.00224s)
[STEP] [2023-11-30 21:09:29] Getting data of table: wp_wc_category_lookup (22/49, 0.02 MB)
[SUCCESS] [2023-11-30 21:09:29] Table export for: wp_wc_category_lookup finished (0.00021s)
[STEP] [2023-11-30 21:09:29] Getting data of table: wp_wc_customer_lookup (23/49, 0.05 MB)
[INFO] [2023-11-30 21:09:29] Table wp_wc_customer_lookup is empty, saving only recipe.
[STEP] [2023-11-30 21:09:29] Getting data of table: wp_wc_download_log (24/49, 0.05 MB)
[INFO] [2023-11-30 21:09:29] Table wp_wc_download_log is empty, saving only recipe.
[STEP] [2023-11-30 21:09:29] Getting data of table: wp_wc_order_coupon_lookup (25/49, 0.05 MB)
[INFO] [2023-11-30 21:09:29] Table wp_wc_order_coupon_lookup is empty, saving only recipe.
[STEP] [2023-11-30 21:09:29] Getting data of table: wp_wc_order_product_lookup (26/49, 0.08 MB)
[INFO] [2023-11-30 21:09:29] Table wp_wc_order_product_lookup is empty, saving only recipe.
[STEP] [2023-11-30 21:09:29] Getting data of table: wp_wc_order_stats (27/49, 0.06 MB)
[INFO] [2023-11-30 21:09:29] Table wp_wc_order_stats is empty, saving only recipe.
[STEP] [2023-11-30 21:09:29] Getting data of table: wp_wc_order_tax_lookup (28/49, 0.05 MB)
[INFO] [2023-11-30 21:09:29] Table wp_wc_order_tax_lookup is empty, saving only recipe.
[STEP] [2023-11-30 21:09:29] Getting data of table: wp_wc_product_attributes_lookup (29/49, 0.03 MB)
[INFO] [2023-11-30 21:09:29] Table wp_wc_product_attributes_lookup is empty, saving only recipe.
[STEP] [2023-11-30 21:09:29] Getting data of table: wp_wc_product_download_directories (30/49, 0.03 MB)
[SUCCESS] [2023-11-30 21:09:29] Table export for: wp_wc_product_download_directories finished (0.00038s)
[STEP] [2023-11-30 21:09:29] Getting data of table: wp_wc_product_meta_lookup (31/49, 0.11 MB)
[SUCCESS] [2023-11-30 21:09:29] Table export for: wp_wc_product_meta_lookup finished (0.00032s)
[STEP] [2023-11-30 21:09:29] Getting data of table: wp_wc_rate_limits (32/49, 0.03 MB)
[INFO] [2023-11-30 21:09:29] Table wp_wc_rate_limits is empty, saving only recipe.
[STEP] [2023-11-30 21:09:29] Getting data of table: wp_wc_reserved_stock (33/49, 0.02 MB)
[INFO] [2023-11-30 21:09:29] Table wp_wc_reserved_stock is empty, saving only recipe.
[STEP] [2023-11-30 21:09:29] Getting data of table: wp_wc_tax_rate_classes (34/49, 0.03 MB)
[SUCCESS] [2023-11-30 21:09:29] Table export for: wp_wc_tax_rate_classes finished (0.00019s)
[STEP] [2023-11-30 21:09:29] Getting data of table: wp_wc_webhooks (35/49, 0.03 MB)
[INFO] [2023-11-30 21:09:29] Table wp_wc_webhooks is empty, saving only recipe.
[STEP] [2023-11-30 21:09:29] Getting data of table: wp_woocommerce_api_keys (36/49, 0.05 MB)
[INFO] [2023-11-30 21:09:29] Table wp_woocommerce_api_keys is empty, saving only recipe.
[STEP] [2023-11-30 21:09:29] Getting data of table: wp_woocommerce_attribute_taxonomies (37/49, 0.03 MB)
[INFO] [2023-11-30 21:09:29] Table wp_woocommerce_attribute_taxonomies is empty, saving only recipe.
[STEP] [2023-11-30 21:09:29] Getting data of table: wp_woocommerce_downloadable_product_permissions (38/49, 0.08 MB)
[INFO] [2023-11-30 21:09:29] Table wp_woocommerce_downloadable_product_permissions is empty, saving only recipe.
[STEP] [2023-11-30 21:09:29] Getting data of table: wp_woocommerce_log (39/49, 0.03 MB)
[INFO] [2023-11-30 21:09:29] Table wp_woocommerce_log is empty, saving only recipe.
[STEP] [2023-11-30 21:09:29] Getting data of table: wp_woocommerce_order_itemmeta (40/49, 0.05 MB)
[INFO] [2023-11-30 21:09:29] Table wp_woocommerce_order_itemmeta is empty, saving only recipe.
[STEP] [2023-11-30 21:09:29] Getting data of table: wp_woocommerce_order_items (41/49, 0.03 MB)
[INFO] [2023-11-30 21:09:29] Table wp_woocommerce_order_items is empty, saving only recipe.
[STEP] [2023-11-30 21:09:29] Getting data of table: wp_woocommerce_payment_tokenmeta (42/49, 0.05 MB)
[INFO] [2023-11-30 21:09:29] Table wp_woocommerce_payment_tokenmeta is empty, saving only recipe.
[STEP] [2023-11-30 21:09:29] Getting data of table: wp_woocommerce_payment_tokens (43/49, 0.03 MB)
[INFO] [2023-11-30 21:09:29] Table wp_woocommerce_payment_tokens is empty, saving only recipe.
[STEP] [2023-11-30 21:09:29] Getting data of table: wp_woocommerce_sessions (44/49, 0.03 MB)
[SUCCESS] [2023-11-30 21:09:29] Table export for: wp_woocommerce_sessions finished (0.00018s)
[STEP] [2023-11-30 21:09:29] Getting data of table: wp_woocommerce_shipping_zone_locations (45/49, 0.05 MB)
[INFO] [2023-11-30 21:09:29] Table wp_woocommerce_shipping_zone_locations is empty, saving only recipe.
[STEP] [2023-11-30 21:09:29] Getting data of table: wp_woocommerce_shipping_zone_methods (46/49, 0.02 MB)
[INFO] [2023-11-30 21:09:29] Table wp_woocommerce_shipping_zone_methods is empty, saving only recipe.
[STEP] [2023-11-30 21:09:29] Getting data of table: wp_woocommerce_shipping_zones (47/49, 0.02 MB)
[INFO] [2023-11-30 21:09:29] Table wp_woocommerce_shipping_zones is empty, saving only recipe.
[STEP] [2023-11-30 21:09:29] Getting data of table: wp_woocommerce_tax_rate_locations (48/49, 0.05 MB)
[INFO] [2023-11-30 21:09:29] Table wp_woocommerce_tax_rate_locations is empty, saving only recipe.
[STEP] [2023-11-30 21:09:29] Getting data of table: wp_woocommerce_tax_rates (49/49, 0.08 MB)
[INFO] [2023-11-30 21:09:29] Table wp_woocommerce_tax_rates is empty, saving only recipe.
[INFO] [2023-11-30 21:09:29] Table data exported.
[INFO] [2023-11-30 21:09:29] Memory usage after data export: 23.53 MB
[INFO] [2023-11-30 21:09:29] Entire process took: 0.1568 s
[SUCCESS] [2023-11-30 21:09:29] Backup de banco de dados concluído
[STEP] [2023-11-30 21:09:29] Criando arquivo
[INFO] [2023-11-30 21:09:29] Compactando...
[WARN] [2023-11-30 21:09:29] O backup será executado como solicitação única, o processo pode se tornar instável...
[STEP] [2023-11-30 21:09:29] Adding database SQL file(s) to the backup file.
[VERBOSE] [2023-11-30 21:09:29] Database files in total found: 49
[SUCCESS] [2023-11-30 21:09:29] Database added to the backup successfully.
[STEP] [2023-11-30 21:09:29] Performing site files backup...
[INFO] [2023-11-30 21:09:29] Os pedaços contêm500 arquivos.
[INFO] [2023-11-30 21:09:30] Etapa:500/8179
[INFO] [2023-11-30 21:09:30] Etapa:1000/8179
[INFO] [2023-11-30 21:09:30] Etapa:1500/8179
[INFO] [2023-11-30 21:09:30] Etapa:2000/8179
[INFO] [2023-11-30 21:09:30] Etapa:2500/8179
[INFO] [2023-11-30 21:09:31] Etapa:3000/8179
[INFO] [2023-11-30 21:09:31] Etapa:3500/8179
[INFO] [2023-11-30 21:09:31] Etapa:4000/8179
[INFO] [2023-11-30 21:09:32] Etapa:4500/8179
[INFO] [2023-11-30 21:09:32] Etapa:5000/8179
[INFO] [2023-11-30 21:09:33] Etapa:5500/8179
[INFO] [2023-11-30 21:09:33] Etapa:6000/8179
[INFO] [2023-11-30 21:09:33] Etapa:6500/8179
[INFO] [2023-11-30 21:09:33] Etapa:7000/8179
[INFO] [2023-11-30 21:09:34] Etapa:7500/8179
[INFO] [2023-11-30 21:09:35] Etapa:8000/8179
[INFO] [2023-11-30 21:09:35] Etapa:8179/8179
[SUCCESS] [2023-11-30 21:09:35] Compactados8179 arquivos
[INFO] [2023-11-30 21:09:35] O arquivamento de8179 arquivos levaram:5.82s
[STEP] [2023-11-30 21:09:35] Finalizando o backup
[INFO] [2023-11-30 21:09:35] Generating manifest file and saving current live-log...
